<?xml version="1.0" encoding="UTF-8"?>
<!-- Generated by org.testng.reporters.JUnitReportReporter -->
<testsuite skipped="0" hostname="DESKTOP-8UK5MOB" name="com.jetstar.qa.test.SelectFlightTest" tests="1" failures="0" timestamp="2020-09-19T20:30:08 IST" time="27.847" errors="0">
  <testcase name="selectFlight" time="27.847" classname="com.jetstar.qa.test.SelectFlightTest"/>
  <system-out/>
</testsuite> <!-- com.jetstar.qa.test.SelectFlightTest -->
