<?xml version="1.0" encoding="UTF-8"?>
<!-- Generated by org.testng.reporters.JUnitReportReporter -->
<testsuite skipped="0" hostname="DESKTOP-8UK5MOB" name="com.jetstar.qa.test.LoginTest" tests="1" failures="0" timestamp="2020-09-17T15:27:33 IST" time="22.656" errors="0">
  <testcase name="f" time="22.656" classname="com.jetstar.qa.test.LoginTest"/>
  <system-out/>
</testsuite> <!-- com.jetstar.qa.test.LoginTest -->
